2023-06-01T09:50:35.288+0800	INFO	internal/main.go:57	Server started!
2023-06-01T09:50:41.808+0800	INFO	middleware/auth.go:51	Claims
2023-06-01T10:31:35.698+0800	INFO	internal/main.go:57	Server started!
2023-06-01T10:31:38.186+0800	INFO	middleware/auth.go:51	Claims
2023-06-01T10:32:31.629+0800	INFO	internal/main.go:57	Server started!
2023-06-01T10:32:32.045+0800	INFO	middleware/auth.go:51	Claims
2023-06-01T10:41:27.722+0800	INFO	internal/main.go:57	Server started!
2023-06-01T10:41:46.251+0800	INFO	middleware/auth.go:51	Claims
2023-06-01T11:02:19.496+0800	INFO	internal/main.go:57	Server started!
2023-06-01T12:01:10.932+0800	INFO	internal/main.go:57	Server started!
2023-06-01T12:01:33.701+0800	INFO	middleware/auth.go:51	Claims
2023-06-01T12:01:34.009+0800	INFO	middleware/auth.go:51	Claims
2023-06-01T12:03:56.974+0800	INFO	internal/main.go:57	Server started!
2023-06-01T12:04:08.912+0800	INFO	middleware/auth.go:51	Claims
2023-06-01T12:04:09.137+0800	INFO	middleware/auth.go:51	Claims
2023-06-01T12:05:11.202+0800	INFO	middleware/auth.go:51	Claims
2023-06-01T12:05:11.494+0800	INFO	middleware/auth.go:51	Claims
2023-06-01T12:05:56.614+0800	INFO	middleware/auth.go:51	Claims
2023-06-01T12:05:56.951+0800	INFO	middleware/auth.go:51	Claims
2023-06-01T12:06:26.644+0800	INFO	middleware/auth.go:51	Claims
2023-06-01T12:06:27.033+0800	INFO	middleware/auth.go:51	Claims
2023-06-01T12:06:46.282+0800	INFO	middleware/auth.go:51	Claims
2023-06-01T12:06:46.456+0800	INFO	middleware/auth.go:51	Claims
2023-06-01T12:07:05.462+0800	INFO	middleware/auth.go:51	Claims
2023-06-01T12:07:05.721+0800	INFO	middleware/auth.go:51	Claims
2023-06-01T12:11:42.898+0800	INFO	middleware/auth.go:51	Claims
2023-06-01T12:11:43.110+0800	INFO	middleware/auth.go:51	Claims
2023-06-01T12:11:47.337+0800	INFO	middleware/auth.go:51	Claims
2023-06-01T12:11:47.615+0800	INFO	middleware/auth.go:51	Claims
2023-06-01T12:12:39.544+0800	INFO	middleware/auth.go:51	Claims
2023-06-01T12:12:39.844+0800	INFO	middleware/auth.go:51	Claims
2023-06-01T12:13:00.432+0800	INFO	middleware/auth.go:51	Claims
2023-06-01T12:13:00.565+0800	INFO	middleware/auth.go:51	Claims
2023-06-01T12:13:10.249+0800	INFO	middleware/auth.go:51	Claims
2023-06-01T12:13:10.392+0800	INFO	middleware/auth.go:51	Claims
2023-06-01T12:14:32.484+0800	INFO	middleware/auth.go:51	Claims
2023-06-01T12:14:33.117+0800	INFO	middleware/auth.go:51	Claims
2023-06-01T12:14:43.915+0800	INFO	middleware/auth.go:51	Claims
2023-06-01T12:14:44.109+0800	INFO	middleware/auth.go:51	Claims
2023-06-01T12:15:05.163+0800	INFO	middleware/auth.go:51	Claims
2023-06-01T12:15:15.506+0800	INFO	middleware/auth.go:51	Claims
2023-06-01T12:15:19.074+0800	INFO	middleware/auth.go:51	Claims
2023-06-01T12:15:19.221+0800	INFO	middleware/auth.go:51	Claims
2023-06-01T12:15:41.478+0800	INFO	middleware/auth.go:51	Claims
2023-06-01T12:15:41.618+0800	INFO	middleware/auth.go:51	Claims
2023-06-01T12:16:35.164+0800	INFO	middleware/auth.go:51	Claims
2023-06-01T12:16:35.480+0800	INFO	middleware/auth.go:51	Claims
2023-06-01T12:19:03.548+0800	INFO	middleware/auth.go:51	Claims
2023-06-01T12:19:04.128+0800	INFO	middleware/auth.go:51	Claims
2023-06-01T18:49:21.184+0800	INFO	internal/main.go:57	Server started!
2023-06-01T18:49:58.287+0800	INFO	internal/main.go:57	Server started!
2023-06-01T18:50:12.626+0800	INFO	internal/main.go:77	ShutDown Server...
2023-06-01T18:50:12.627+0800	INFO	internal/main.go:62	http: Server closed
2023-06-01T18:50:12.627+0800	INFO	internal/main.go:67	Server exited!
2023-06-01T20:05:31.302+0800	INFO	internal/main.go:57	Server started!
2023-06-01T20:07:05.421+0800	INFO	internal/main.go:57	Server started!
2023-06-01T20:16:34.677+0800	INFO	internal/main.go:77	ShutDown Server...
2023-06-01T20:16:34.677+0800	INFO	internal/main.go:62	http: Server closed
2023-06-01T20:16:34.677+0800	INFO	internal/main.go:67	Server exited!
2023-06-01T20:16:40.569+0800	INFO	internal/main.go:57	Server started!
2023-06-01T20:17:15.714+0800	INFO	internal/main.go:57	Server started!
2023-06-01T20:19:34.031+0800	INFO	middleware/auth.go:51	Claims
2023-06-01T20:19:36.241+0800	INFO	middleware/auth.go:51	Claims
2023-06-01T20:22:02.319+0800	INFO	middleware/auth.go:51	Claims
2023-06-01T20:23:27.133+0800	INFO	middleware/auth.go:51	Claims
2023-06-01T20:23:47.264+0800	INFO	middleware/auth.go:51	Claims
2023-06-01T20:25:07.693+0800	INFO	internal/main.go:57	Server started!
2023-06-01T20:25:11.897+0800	INFO	middleware/auth.go:51	Claims
2023-06-01T20:26:10.341+0800	INFO	middleware/auth.go:51	Claims
2023-06-01T20:26:15.976+0800	INFO	middleware/auth.go:51	Claims
2023-06-01T20:31:11.981+0800	INFO	internal/main.go:77	ShutDown Server...
2023-06-01T20:31:11.981+0800	INFO	internal/main.go:62	http: Server closed
2023-06-01T20:31:11.981+0800	INFO	internal/main.go:67	Server exited!
2023-06-01T20:32:34.160+0800	INFO	internal/main.go:57	Server started!
2023-06-01T20:32:36.017+0800	INFO	middleware/auth.go:51	Claims
2023-06-01T20:37:00.961+0800	INFO	internal/main.go:57	Server started!
2023-06-01T20:40:04.929+0800	INFO	middleware/auth.go:51	Claims
2023-06-01T20:40:09.453+0800	INFO	middleware/auth.go:51	Claims
2023-06-01T20:40:36.796+0800	INFO	middleware/auth.go:51	Claims
2023-06-01T20:40:37.699+0800	INFO	middleware/auth.go:51	Claims
2023-06-01T20:41:14.879+0800	INFO	middleware/auth.go:51	Claims
2023-06-01T20:41:17.176+0800	INFO	middleware/auth.go:51	Claims
2023-06-01T20:41:50.026+0800	INFO	middleware/auth.go:51	Claims
2023-06-01T20:41:51.685+0800	INFO	middleware/auth.go:51	Claims
2023-06-01T20:42:09.011+0800	INFO	middleware/auth.go:51	Claims
2023-06-01T20:42:32.948+0800	INFO	middleware/auth.go:51	Claims
2023-06-01T20:43:13.194+0800	INFO	middleware/auth.go:51	Claims
2023-06-01T20:43:15.497+0800	INFO	middleware/auth.go:51	Claims
2023-06-01T20:43:21.088+0800	INFO	middleware/auth.go:51	Claims
2023-06-01T20:43:24.911+0800	INFO	middleware/auth.go:51	Claims
2023-06-01T20:43:26.571+0800	INFO	middleware/auth.go:51	Claims
2023-06-01T20:43:39.139+0800	INFO	middleware/auth.go:51	Claims
2023-06-01T20:43:41.035+0800	INFO	middleware/auth.go:51	Claims
2023-06-01T20:43:44.478+0800	INFO	middleware/auth.go:51	Claims
2023-06-01T20:45:26.609+0800	INFO	middleware/auth.go:51	Claims
2023-06-01T20:45:59.107+0800	INFO	middleware/auth.go:51	Claims
2023-06-01T20:45:59.928+0800	INFO	middleware/auth.go:51	Claims
2023-06-01T20:46:12.533+0800	INFO	middleware/auth.go:51	Claims
2023-06-01T20:46:24.151+0800	INFO	middleware/auth.go:51	Claims
2023-06-01T20:47:15.749+0800	INFO	middleware/auth.go:51	Claims
2023-06-01T20:47:36.004+0800	INFO	middleware/auth.go:51	Claims
2023-06-01T20:47:37.959+0800	INFO	middleware/auth.go:51	Claims
2023-06-01T20:47:39.995+0800	INFO	middleware/auth.go:51	Claims
2023-06-01T20:48:14.620+0800	INFO	middleware/auth.go:51	Claims
2023-06-01T20:48:16.490+0800	INFO	middleware/auth.go:51	Claims
2023-06-01T20:48:37.623+0800	INFO	middleware/auth.go:51	Claims
2023-06-01T20:49:14.412+0800	INFO	middleware/auth.go:51	Claims
2023-06-01T20:49:16.079+0800	INFO	middleware/auth.go:51	Claims
2023-06-01T20:49:18.805+0800	INFO	middleware/auth.go:51	Claims
2023-06-01T20:49:21.306+0800	INFO	middleware/auth.go:51	Claims
2023-06-01T20:49:22.948+0800	INFO	middleware/auth.go:51	Claims
2023-06-01T20:49:27.355+0800	INFO	middleware/auth.go:51	Claims
2023-06-01T20:50:49.155+0800	INFO	middleware/auth.go:51	Claims
2023-06-01T20:50:51.144+0800	INFO	middleware/auth.go:51	Claims
2023-06-01T20:51:03.407+0800	INFO	middleware/auth.go:51	Claims
2023-06-01T20:52:01.528+0800	INFO	middleware/auth.go:51	Claims
2023-06-01T20:52:04.372+0800	INFO	middleware/auth.go:51	Claims
2023-06-01T20:52:13.906+0800	INFO	middleware/auth.go:51	Claims
2023-06-01T20:52:37.246+0800	INFO	middleware/auth.go:51	Claims
2023-06-01T20:56:32.251+0800	INFO	middleware/auth.go:51	Claims
2023-06-01T20:56:36.035+0800	INFO	middleware/auth.go:51	Claims
2023-06-01T20:57:01.474+0800	INFO	middleware/auth.go:51	Claims
2023-06-01T20:57:09.492+0800	INFO	middleware/auth.go:51	Claims
2023-06-01T20:57:12.801+0800	INFO	middleware/auth.go:51	Claims
2023-06-01T20:57:31.487+0800	INFO	middleware/auth.go:51	Claims
2023-06-01T20:57:32.622+0800	INFO	middleware/auth.go:51	Claims
2023-06-01T20:57:35.354+0800	INFO	middleware/auth.go:51	Claims
2023-06-01T20:57:49.948+0800	INFO	middleware/auth.go:51	Claims
2023-06-01T20:57:52.121+0800	INFO	middleware/auth.go:51	Claims
2023-06-01T20:57:54.478+0800	INFO	middleware/auth.go:51	Claims
2023-06-01T20:58:09.853+0800	INFO	middleware/auth.go:51	Claims
2023-06-01T20:58:12.026+0800	INFO	middleware/auth.go:51	Claims
2023-06-01T20:58:22.863+0800	INFO	middleware/auth.go:51	Claims
2023-06-01T20:58:25.897+0800	INFO	middleware/auth.go:51	Claims
2023-06-01T20:58:29.011+0800	INFO	middleware/auth.go:51	Claims
2023-06-01T20:59:47.914+0800	INFO	middleware/auth.go:51	Claims
2023-06-01T20:59:53.668+0800	INFO	middleware/auth.go:51	Claims
2023-06-01T21:00:08.625+0800	INFO	middleware/auth.go:51	Claims
2023-06-01T21:00:11.001+0800	INFO	middleware/auth.go:51	Claims
2023-06-01T21:00:19.786+0800	INFO	middleware/auth.go:51	Claims
2023-06-01T21:00:22.417+0800	INFO	middleware/auth.go:51	Claims
2023-06-01T21:00:24.171+0800	INFO	middleware/auth.go:51	Claims
2023-06-01T21:00:30.787+0800	INFO	middleware/auth.go:51	Claims
2023-06-01T21:00:43.513+0800	INFO	middleware/auth.go:51	Claims
2023-06-01T21:00:46.967+0800	INFO	middleware/auth.go:51	Claims
2023-06-01T21:00:48.618+0800	INFO	middleware/auth.go:51	Claims
2023-06-01T21:00:53.954+0800	INFO	middleware/auth.go:51	Claims
2023-06-01T21:00:59.212+0800	INFO	middleware/auth.go:51	Claims
2023-06-01T21:01:03.893+0800	INFO	middleware/auth.go:51	Claims
2023-06-01T21:01:26.815+0800	INFO	middleware/auth.go:51	Claims
2023-06-01T21:01:30.335+0800	INFO	middleware/auth.go:51	Claims
2023-06-01T21:01:59.499+0800	INFO	middleware/auth.go:51	Claims
2023-06-01T21:02:01.030+0800	INFO	middleware/auth.go:51	Claims
2023-06-01T21:02:06.147+0800	INFO	middleware/auth.go:51	Claims
2023-06-01T21:02:14.525+0800	INFO	middleware/auth.go:51	Claims
2023-06-01T21:02:18.187+0800	INFO	middleware/auth.go:51	Claims
2023-06-01T21:02:24.368+0800	INFO	middleware/auth.go:51	Claims
2023-06-01T21:02:25.294+0800	INFO	middleware/auth.go:51	Claims
2023-06-01T21:02:27.714+0800	INFO	middleware/auth.go:51	Claims
2023-06-01T21:05:06.432+0800	INFO	middleware/auth.go:51	Claims
2023-06-01T21:05:10.523+0800	INFO	middleware/auth.go:51	Claims
2023-06-01T21:05:58.836+0800	INFO	middleware/auth.go:51	Claims
2023-06-01T21:06:02.162+0800	INFO	middleware/auth.go:51	Claims
2023-06-01T21:06:06.968+0800	INFO	middleware/auth.go:51	Claims
2023-06-01T21:06:11.756+0800	INFO	middleware/auth.go:51	Claims
2023-06-01T21:06:16.363+0800	INFO	middleware/auth.go:51	Claims
2023-06-01T21:06:20.412+0800	INFO	middleware/auth.go:51	Claims
2023-06-01T21:06:29.965+0800	INFO	middleware/auth.go:51	Claims
2023-06-01T21:06:31.964+0800	INFO	middleware/auth.go:51	Claims
2023-06-01T21:06:34.012+0800	INFO	middleware/auth.go:51	Claims
2023-06-01T21:06:35.412+0800	INFO	middleware/auth.go:51	Claims
2023-06-01T21:06:37.162+0800	INFO	middleware/auth.go:51	Claims
2023-06-01T21:13:14.264+0800	INFO	middleware/auth.go:51	Claims
2023-06-01T21:17:17.268+0800	INFO	middleware/auth.go:51	Claims
2023-06-01T21:24:38.579+0800	INFO	middleware/auth.go:51	Claims
2023-06-01T21:24:38.613+0800	INFO	middleware/auth.go:51	Claims
2023-06-01T22:09:25.032+0800	INFO	middleware/auth.go:51	Claims
2023-06-01T22:09:25.315+0800	INFO	middleware/auth.go:51	Claims
2023-06-01T22:12:50.237+0800	INFO	middleware/auth.go:51	Claims
2023-06-01T22:13:53.410+0800	INFO	middleware/auth.go:51	Claims
2023-06-01T22:13:53.724+0800	INFO	middleware/auth.go:51	Claims
2023-06-01T22:14:48.613+0800	INFO	middleware/auth.go:51	Claims
2023-06-01T22:15:38.944+0800	INFO	middleware/auth.go:51	Claims
2023-06-01T22:15:39.243+0800	INFO	middleware/auth.go:51	Claims
2023-06-01T22:17:50.355+0800	INFO	middleware/auth.go:51	Claims
2023-06-01T22:17:50.679+0800	INFO	middleware/auth.go:51	Claims
2023-06-01T22:18:23.424+0800	INFO	middleware/auth.go:51	Claims
2023-06-01T22:18:23.638+0800	INFO	middleware/auth.go:51	Claims
2023-06-01T22:18:46.317+0800	INFO	middleware/auth.go:51	Claims
2023-06-01T22:18:46.605+0800	INFO	middleware/auth.go:51	Claims
2023-06-01T22:25:01.284+0800	INFO	middleware/auth.go:51	Claims
2023-06-01T22:25:21.307+0800	INFO	internal/main.go:77	ShutDown Server...
2023-06-01T22:25:21.309+0800	INFO	internal/main.go:62	http: Server closed
2023-06-01T22:25:21.309+0800	INFO	internal/main.go:67	Server exited!
2023-06-02T09:11:18.290+0800	INFO	internal/main.go:57	Server started!
2023-06-02T10:40:05.670+0800	INFO	middleware/auth.go:51	Claims
2023-06-02T10:40:05.671+0800	INFO	middleware/auth.go:51	Claims
2023-06-02T10:40:14.533+0800	INFO	internal/main.go:77	ShutDown Server...
2023-06-02T10:40:14.534+0800	INFO	internal/main.go:67	Server exited!
2023-06-02T10:40:14.534+0800	INFO	internal/main.go:62	http: Server closed
2023-06-02T10:40:27.282+0800	INFO	internal/main.go:57	Server started!
2023-06-02T10:40:29.732+0800	INFO	middleware/auth.go:51	Claims
2023-06-02T10:40:29.732+0800	INFO	middleware/auth.go:51	Claims
2023-06-02T10:42:46.827+0800	INFO	internal/main.go:57	Server started!
2023-06-02T10:42:49.224+0800	INFO	middleware/auth.go:51	Claims
2023-06-02T10:42:49.226+0800	INFO	middleware/auth.go:51	Claims
2023-06-02T10:43:23.072+0800	INFO	middleware/auth.go:51	Claims
2023-06-02T10:43:23.073+0800	INFO	middleware/auth.go:51	Claims
2023-06-02T10:44:09.289+0800	INFO	internal/main.go:57	Server started!
2023-06-02T10:44:12.507+0800	INFO	middleware/auth.go:51	Claims
2023-06-02T10:44:12.507+0800	INFO	middleware/auth.go:51	Claims
2023-06-02T10:46:36.435+0800	INFO	middleware/auth.go:51	Claims
2023-06-02T10:46:36.436+0800	INFO	middleware/auth.go:51	Claims
2023-06-02T10:46:57.970+0800	INFO	internal/main.go:57	Server started!
2023-06-02T10:47:01.337+0800	INFO	middleware/auth.go:51	Claims
2023-06-02T10:47:01.338+0800	INFO	middleware/auth.go:51	Claims
2023-06-02T10:47:52.794+0800	INFO	internal/main.go:57	Server started!
2023-06-02T10:47:54.735+0800	INFO	middleware/auth.go:51	Claims
2023-06-02T10:47:54.736+0800	INFO	middleware/auth.go:51	Claims
2023-06-02T10:48:10.711+0800	INFO	internal/main.go:57	Server started!
2023-06-02T10:48:15.481+0800	INFO	middleware/auth.go:51	Claims
2023-06-02T10:48:15.483+0800	INFO	middleware/auth.go:51	Claims
2023-06-02T10:48:35.496+0800	INFO	internal/main.go:77	ShutDown Server...
2023-06-02T10:48:35.496+0800	INFO	internal/main.go:67	Server exited!
2023-06-02T10:48:35.496+0800	INFO	internal/main.go:62	http: Server closed
2023-06-02T10:48:41.141+0800	INFO	internal/main.go:57	Server started!
2023-06-02T10:48:46.559+0800	INFO	middleware/auth.go:51	Claims
2023-06-02T10:48:46.559+0800	INFO	middleware/auth.go:51	Claims
2023-06-02T10:49:36.232+0800	INFO	internal/main.go:57	Server started!
2023-06-02T10:49:53.755+0800	INFO	middleware/auth.go:51	Claims
2023-06-02T10:49:53.756+0800	INFO	middleware/auth.go:51	Claims
2023-06-02T10:51:01.585+0800	INFO	internal/main.go:57	Server started!
2023-06-02T10:51:05.607+0800	INFO	middleware/auth.go:51	Claims
2023-06-02T10:51:05.608+0800	INFO	middleware/auth.go:51	Claims
2023-06-02T10:51:59.684+0800	INFO	internal/main.go:57	Server started!
2023-06-02T10:52:02.788+0800	INFO	middleware/auth.go:51	Claims
2023-06-02T10:52:02.789+0800	INFO	middleware/auth.go:51	Claims
2023-06-02T10:56:50.490+0800	INFO	internal/main.go:57	Server started!
2023-06-02T10:59:32.048+0800	INFO	middleware/auth.go:51	Claims
2023-06-02T10:59:32.049+0800	INFO	middleware/auth.go:51	Claims
2023-06-02T11:00:53.768+0800	INFO	internal/main.go:57	Server started!
2023-06-02T11:01:06.143+0800	INFO	middleware/auth.go:51	Claims
2023-06-02T11:01:06.144+0800	INFO	middleware/auth.go:51	Claims
2023-06-02T11:04:12.545+0800	INFO	internal/main.go:57	Server started!
2023-06-02T11:04:20.385+0800	INFO	middleware/auth.go:51	Claims
2023-06-02T11:04:20.386+0800	INFO	middleware/auth.go:51	Claims
2023-06-02T11:10:17.785+0800	INFO	middleware/auth.go:51	Claims
2023-06-02T11:10:17.786+0800	INFO	middleware/auth.go:51	Claims
2023-06-02T11:12:06.425+0800	INFO	internal/main.go:57	Server started!
2023-06-02T11:12:09.920+0800	INFO	middleware/auth.go:51	Claims
2023-06-02T11:12:09.921+0800	INFO	middleware/auth.go:51	Claims
2023-06-02T11:57:17.464+0800	INFO	internal/main.go:57	Server started!
2023-06-02T12:02:29.504+0800	INFO	internal/main.go:57	Server started!
2023-06-02T12:04:06.621+0800	INFO	middleware/auth.go:51	Claims
2023-06-02T12:04:59.534+0800	INFO	internal/main.go:57	Server started!
2023-06-02T12:05:24.164+0800	INFO	middleware/auth.go:51	Claims
2023-06-02T12:05:24.166+0800	INFO	middleware/auth.go:51	Claims
2023-06-02T12:07:04.706+0800	INFO	middleware/auth.go:51	Claims
2023-06-02T12:07:04.708+0800	INFO	middleware/auth.go:51	Claims
2023-06-02T12:07:19.185+0800	INFO	internal/main.go:57	Server started!
2023-06-02T12:07:21.489+0800	INFO	middleware/auth.go:51	Claims
2023-06-02T12:07:21.491+0800	INFO	middleware/auth.go:51	Claims
2023-06-02T12:08:08.049+0800	INFO	internal/main.go:57	Server started!
2023-06-02T12:08:11.441+0800	INFO	middleware/auth.go:51	Claims
2023-06-02T12:08:11.442+0800	INFO	middleware/auth.go:51	Claims
2023-06-02T12:09:18.022+0800	INFO	middleware/auth.go:51	Claims
2023-06-02T12:09:18.023+0800	INFO	middleware/auth.go:51	Claims
2023-06-02T12:09:24.820+0800	INFO	middleware/auth.go:51	Claims
2023-06-02T12:09:24.821+0800	INFO	middleware/auth.go:51	Claims
2023-06-02T12:09:58.715+0800	INFO	middleware/auth.go:51	Claims
2023-06-02T12:09:58.715+0800	INFO	middleware/auth.go:51	Claims
2023-06-02T12:12:04.962+0800	INFO	internal/main.go:57	Server started!
2023-06-02T19:05:37.817+0800	INFO	internal/main.go:57	Server started!
2023-06-02T19:05:50.020+0800	INFO	middleware/auth.go:51	Claims
2023-06-02T19:06:03.079+0800	INFO	internal/main.go:77	ShutDown Server...
2023-06-02T19:06:03.079+0800	INFO	internal/main.go:62	http: Server closed
2023-06-02T19:06:03.079+0800	INFO	internal/main.go:67	Server exited!
2023-06-02T19:06:12.731+0800	INFO	internal/main.go:57	Server started!
2023-06-02T19:06:16.786+0800	INFO	middleware/auth.go:51	Claims
2023-06-02T19:07:44.634+0800	INFO	internal/main.go:57	Server started!
2023-06-02T19:07:46.399+0800	INFO	middleware/auth.go:51	Claims
2023-06-02T19:09:19.018+0800	INFO	internal/main.go:57	Server started!
2023-06-02T19:09:22.433+0800	INFO	middleware/auth.go:51	Claims
2023-06-02T19:09:47.712+0800	INFO	middleware/auth.go:51	Claims
2023-06-02T21:52:50.906+0800	INFO	internal/main.go:57	Server started!
2023-06-02T21:52:56.899+0800	INFO	middleware/auth.go:51	Claims
2023-06-02T21:59:46.864+0800	INFO	internal/main.go:57	Server started!
2023-06-02T22:00:15.160+0800	INFO	middleware/auth.go:51	Claims
2023-06-02T22:11:45.255+0800	INFO	internal/main.go:57	Server started!
2023-06-02T22:11:47.905+0800	INFO	middleware/auth.go:51	Claims
2023-06-02T22:14:44.409+0800	INFO	internal/main.go:57	Server started!
2023-06-02T22:15:05.736+0800	INFO	middleware/auth.go:51	Claims
2023-06-02T22:18:35.256+0800	INFO	internal/main.go:57	Server started!
2023-06-02T22:18:38.173+0800	INFO	middleware/auth.go:51	Claims
2023-06-02T22:19:45.212+0800	INFO	internal/main.go:57	Server started!
2023-06-02T22:19:47.640+0800	INFO	middleware/auth.go:51	Claims
2023-06-02T22:20:35.766+0800	INFO	internal/main.go:57	Server started!
2023-06-02T22:20:38.983+0800	INFO	middleware/auth.go:51	Claims
2023-06-02T22:29:21.063+0800	INFO	internal/main.go:57	Server started!
2023-06-02T22:29:27.146+0800	INFO	middleware/auth.go:51	Claims
2023-06-02T22:30:22.836+0800	INFO	internal/main.go:57	Server started!
2023-06-02T22:30:24.422+0800	INFO	middleware/auth.go:51	Claims
2023-06-02T22:36:32.435+0800	INFO	internal/main.go:57	Server started!
2023-06-02T22:36:36.588+0800	INFO	middleware/auth.go:51	Claims
2023-06-02T22:37:46.464+0800	INFO	internal/main.go:57	Server started!
2023-06-02T22:37:49.180+0800	INFO	middleware/auth.go:51	Claims
2023-06-02T22:38:56.060+0800	INFO	internal/main.go:57	Server started!
2023-06-02T22:38:57.680+0800	INFO	middleware/auth.go:51	Claims
2023-06-02T22:56:38.989+0800	INFO	internal/main.go:57	Server started!
2023-06-02T22:56:42.403+0800	INFO	middleware/auth.go:51	Claims
2023-06-02T22:57:03.132+0800	INFO	middleware/auth.go:51	Claims
2023-06-02T22:57:46.356+0800	INFO	internal/main.go:57	Server started!
2023-06-02T22:57:50.155+0800	INFO	middleware/auth.go:51	Claims
2023-06-02T22:59:14.479+0800	INFO	internal/main.go:57	Server started!
2023-06-02T22:59:16.586+0800	INFO	middleware/auth.go:51	Claims
2023-06-02T23:03:27.978+0800	INFO	internal/main.go:57	Server started!
2023-06-02T23:03:30.894+0800	INFO	middleware/auth.go:51	Claims
2023-06-02T23:03:45.584+0800	INFO	middleware/auth.go:51	Claims
2023-06-02T23:03:52.049+0800	INFO	middleware/auth.go:51	Claims
2023-06-02T23:06:16.721+0800	INFO	internal/main.go:57	Server started!
2023-06-02T23:06:20.534+0800	INFO	middleware/auth.go:51	Claims
2023-06-02T23:07:17.782+0800	INFO	internal/main.go:57	Server started!
2023-06-02T23:07:20.180+0800	INFO	middleware/auth.go:51	Claims
2023-06-02T23:15:26.541+0800	INFO	internal/main.go:57	Server started!
2023-06-02T23:18:23.127+0800	INFO	internal/main.go:57	Server started!
2023-06-02T23:19:41.642+0800	INFO	middleware/auth.go:51	Claims
2023-06-02T23:20:19.355+0800	INFO	internal/main.go:57	Server started!
2023-06-02T23:20:22.416+0800	INFO	middleware/auth.go:51	Claims
2023-06-02T23:21:30.395+0800	INFO	middleware/auth.go:51	Claims
2023-06-02T23:22:56.073+0800	INFO	middleware/auth.go:51	Claims
2023-06-03T13:48:36.885+0800	INFO	middleware/auth.go:51	Claims
2023-06-03T13:54:15.986+0800	INFO	middleware/auth.go:51	Claims
2023-06-03T14:05:08.777+0800	INFO	middleware/auth.go:51	Claims
2023-06-03T15:11:57.500+0800	INFO	internal/main.go:57	Server started!
2023-06-03T15:12:01.461+0800	INFO	middleware/auth.go:51	Claims
2023-06-03T15:12:01.463+0800	INFO	middleware/auth.go:51	Claims
2023-06-03T15:12:34.815+0800	INFO	internal/main.go:57	Server started!
2023-06-03T15:12:36.050+0800	INFO	middleware/auth.go:51	Claims
2023-06-03T15:12:36.052+0800	INFO	middleware/auth.go:51	Claims
2023-06-03T15:14:08.776+0800	INFO	internal/main.go:57	Server started!
2023-06-03T15:14:12.876+0800	INFO	middleware/auth.go:51	Claims
2023-06-03T15:14:12.877+0800	INFO	middleware/auth.go:51	Claims
2023-06-03T15:55:49.925+0800	INFO	internal/main.go:57	Server started!
2023-06-03T15:55:52.658+0800	INFO	middleware/auth.go:51	Claims
2023-06-03T16:15:38.872+0800	INFO	internal/main.go:57	Server started!
2023-06-03T16:15:40.658+0800	INFO	middleware/auth.go:51	Claims
2023-06-03T16:16:11.769+0800	INFO	internal/main.go:57	Server started!
2023-06-03T16:16:13.826+0800	INFO	middleware/auth.go:51	Claims
2023-06-03T16:17:20.862+0800	INFO	middleware/auth.go:51	Claims
2023-06-03T16:17:21.077+0800	INFO	middleware/auth.go:51	Claims
2023-06-03T16:17:22.215+0800	INFO	middleware/auth.go:51	Claims
2023-06-03T16:36:15.465+0800	INFO	internal/main.go:57	Server started!
2023-06-03T16:36:23.204+0800	INFO	middleware/auth.go:51	Claims
2023-06-03T16:37:38.361+0800	INFO	internal/main.go:57	Server started!
2023-06-03T16:37:41.333+0800	INFO	middleware/auth.go:51	Claims
2023-06-03T23:59:58.239+0800	INFO	internal/main.go:57	Server started!
2023-06-03T23:59:58.240+0800	INFO	logic/auto.go:56	start movieVisitCountFlush task....
2023-06-03T23:59:58.241+0800	INFO	logic/auto.go:80	start peopleFavorToCache task ...
2023-06-03T23:59:58.243+0800	INFO	logic/auto.go:87	get nothing ...
2023-06-04T00:00:05.726+0800	INFO	middleware/auth.go:51	Claims
2023-06-05T10:42:09.306+0800	INFO	internal/main.go:57	Server started!
2023-06-05T10:42:09.307+0800	INFO	logic/auto.go:56	start movieVisitCountFlush task....
2023-06-05T10:42:09.307+0800	INFO	logic/auto.go:80	start peopleFavorToCache task ...
2023-06-05T10:42:13.106+0800	INFO	middleware/auth.go:51	Claims
2023-06-05T10:43:17.441+0800	INFO	logic/auto.go:80	start peopleFavorToCache task ...
2023-06-05T10:43:17.441+0800	INFO	logic/auto.go:56	start movieVisitCountFlush task....
2023-06-05T10:43:30.011+0800	INFO	internal/main.go:57	Server started!
2023-06-05T10:43:30.012+0800	INFO	logic/auto.go:56	start movieVisitCountFlush task....
2023-06-05T10:43:30.012+0800	INFO	logic/auto.go:80	start peopleFavorToCache task ...
2023-06-05T10:43:39.015+0800	INFO	middleware/auth.go:51	Claims
2023-06-05T10:47:38.489+0800	INFO	internal/main.go:57	Server started!
2023-06-05T10:47:38.491+0800	INFO	logic/auto.go:56	start movieVisitCountFlush task....
2023-06-05T10:47:38.491+0800	INFO	logic/auto.go:80	start peopleFavorToCache task ...
2023-06-05T10:47:50.667+0800	INFO	middleware/auth.go:51	Claims
2023-06-05T10:49:29.096+0800	INFO	internal/main.go:57	Server started!
2023-06-05T10:49:29.097+0800	INFO	logic/auto.go:56	start movieVisitCountFlush task....
2023-06-05T10:49:29.097+0800	INFO	logic/auto.go:80	start peopleFavorToCache task ...
2023-06-05T10:49:31.841+0800	INFO	middleware/auth.go:51	Claims
2023-06-05T11:24:02.035+0800	INFO	internal/main.go:57	Server started!
2023-06-05T11:24:02.037+0800	INFO	logic/auto.go:56	start movieVisitCountFlush task....
2023-06-05T11:24:02.037+0800	INFO	logic/auto.go:80	start peopleFavorToCache task ...
2023-06-05T11:24:23.915+0800	INFO	middleware/auth.go:51	Claims
2023-06-05T11:24:38.556+0800	INFO	middleware/auth.go:51	Claims
2023-06-05T11:24:53.873+0800	INFO	internal/main.go:57	Server started!
2023-06-05T11:24:53.873+0800	INFO	logic/auto.go:56	start movieVisitCountFlush task....
2023-06-05T11:24:53.874+0800	INFO	logic/auto.go:80	start peopleFavorToCache task ...
2023-06-05T11:24:55.551+0800	INFO	middleware/auth.go:51	Claims
2023-06-05T11:25:37.377+0800	INFO	middleware/auth.go:51	Claims
2023-06-05T11:26:40.406+0800	INFO	middleware/auth.go:51	Claims
2023-06-05T11:27:11.474+0800	INFO	internal/main.go:57	Server started!
2023-06-05T11:27:11.474+0800	INFO	logic/auto.go:56	start movieVisitCountFlush task....
2023-06-05T11:27:11.475+0800	INFO	logic/auto.go:80	start peopleFavorToCache task ...
2023-06-05T11:27:13.429+0800	INFO	middleware/auth.go:51	Claims
2023-06-05T11:28:02.860+0800	INFO	middleware/auth.go:51	Claims
2023-06-05T11:28:10.234+0800	INFO	internal/main.go:57	Server started!
2023-06-05T11:28:10.234+0800	INFO	logic/auto.go:56	start movieVisitCountFlush task....
2023-06-05T11:28:10.234+0800	INFO	logic/auto.go:80	start peopleFavorToCache task ...
2023-06-05T11:28:12.234+0800	INFO	middleware/auth.go:51	Claims
2023-06-05T11:28:37.783+0800	INFO	middleware/auth.go:51	Claims
2023-06-05T11:30:40.101+0800	INFO	logic/auto.go:80	start peopleFavorToCache task ...
2023-06-05T11:30:40.102+0800	INFO	middleware/auth.go:51	Claims
2023-06-05T11:30:40.103+0800	INFO	logic/auto.go:56	start movieVisitCountFlush task....
2023-06-05T11:30:40.103+0800	INFO	middleware/auth.go:51	Claims
2023-06-05T11:30:40.103+0800	INFO	middleware/auth.go:51	Claims
2023-06-05T11:30:40.104+0800	INFO	middleware/auth.go:51	Claims
2023-06-05T11:30:40.124+0800	INFO	middleware/auth.go:51	Claims
2023-06-05T21:54:45.292+0800	INFO	internal/main.go:57	Server started!
2023-06-05T21:54:45.293+0800	INFO	logic/auto.go:56	start movieVisitCountFlush task....
2023-06-05T21:54:45.293+0800	INFO	logic/auto.go:80	start peopleFavorToCache task ...
2023-06-05T21:54:46.592+0800	INFO	middleware/auth.go:51	Claims
2023-06-05T21:54:46.593+0800	INFO	middleware/auth.go:51	Claims
2023-06-05T21:54:46.631+0800	INFO	middleware/auth.go:51	Claims
2023-06-05T21:55:15.034+0800	INFO	middleware/auth.go:51	Claims
2023-06-05T21:55:15.034+0800	INFO	middleware/auth.go:51	Claims
2023-06-05T21:55:15.035+0800	INFO	middleware/auth.go:51	Claims
2023-06-05T21:55:16.635+0800	INFO	middleware/auth.go:51	Claims
2023-06-05T21:55:16.636+0800	INFO	middleware/auth.go:51	Claims
2023-06-05T21:55:16.636+0800	INFO	middleware/auth.go:51	Claims
2023-06-05T21:55:19.762+0800	INFO	middleware/auth.go:51	Claims
2023-06-05T21:55:19.762+0800	INFO	middleware/auth.go:51	Claims
2023-06-05T21:55:19.763+0800	INFO	middleware/auth.go:51	Claims
2023-06-05T21:55:20.938+0800	INFO	middleware/auth.go:51	Claims
2023-06-05T21:55:20.939+0800	INFO	middleware/auth.go:51	Claims
2023-06-05T21:55:20.965+0800	INFO	middleware/auth.go:51	Claims
2023-06-05T21:56:04.435+0800	INFO	middleware/auth.go:51	Claims
2023-06-05T21:56:42.432+0800	INFO	logic/auto.go:56	start movieVisitCountFlush task....
2023-06-05T21:56:46.418+0800	INFO	middleware/auth.go:51	Claims
2023-06-05T22:00:30.808+0800	INFO	internal/main.go:57	Server started!
2023-06-05T22:00:30.809+0800	INFO	logic/auto.go:56	start movieVisitCountFlush task....
2023-06-05T22:00:30.809+0800	INFO	logic/auto.go:80	start peopleFavorToCache task ...
2023-06-05T22:01:16.367+0800	INFO	internal/main.go:57	Server started!
2023-06-05T22:01:16.368+0800	INFO	logic/auto.go:56	start movieVisitCountFlush task....
2023-06-05T22:01:16.369+0800	INFO	logic/auto.go:80	start peopleFavorToCache task ...
2023-06-05T22:01:20.997+0800	INFO	middleware/auth.go:51	Claims
2023-06-06T09:20:21.810+0800	INFO	internal/main.go:57	Server started!
2023-06-06T09:20:21.812+0800	INFO	logic/auto.go:56	start movieVisitCountFlush task....
2023-06-06T09:20:21.812+0800	INFO	logic/auto.go:80	start peopleFavorToCache task ...
2023-06-06T09:20:24.729+0800	INFO	middleware/auth.go:51	Claims
2023-06-06T09:20:24.730+0800	INFO	middleware/auth.go:51	Claims
2023-06-06T09:20:26.690+0800	INFO	middleware/auth.go:51	Claims
2023-06-06T14:47:44.640+0800	INFO	internal/main.go:57	Server started!
2023-06-06T14:47:44.641+0800	INFO	logic/auto.go:63	start movieVisitCountFlush task....
2023-06-06T14:47:44.641+0800	INFO	logic/auto.go:87	start peopleFavorToCache task ...
2023-06-06T14:47:44.642+0800	INFO	logic/auto.go:119	start deleteTimeOutPlans ...
2023-06-06T14:47:46.588+0800	INFO	middleware/auth.go:51	Claims
2023-06-06T14:48:17.585+0800	INFO	internal/main.go:57	Server started!
2023-06-06T14:48:17.586+0800	INFO	logic/auto.go:119	start deleteTimeOutPlans ...
2023-06-06T14:48:17.586+0800	INFO	logic/auto.go:63	start movieVisitCountFlush task....
2023-06-06T14:48:17.586+0800	INFO	logic/auto.go:87	start peopleFavorToCache task ...
2023-06-06T14:48:19.517+0800	INFO	middleware/auth.go:51	Claims
2023-06-06T14:59:21.374+0800	INFO	logic/auto.go:63	start movieVisitCountFlush task....
2023-06-06T14:59:21.375+0800	INFO	logic/auto.go:119	start deleteTimeOutPlans ...
2023-06-06T14:59:21.375+0800	INFO	logic/auto.go:87	start peopleFavorToCache task ...
2023-06-07T22:13:10.395+0800	INFO	internal/main.go:57	Server started!
2023-06-07T22:13:10.397+0800	INFO	logic/auto.go:63	start movieVisitCountFlush task....
2023-06-07T22:13:10.397+0800	INFO	logic/auto.go:87	start peopleFavorToCache task ...
2023-06-07T22:13:10.397+0800	INFO	logic/auto.go:119	start deleteTimeOutPlans ...
2023-06-07T22:13:10.401+0800	INFO	logic/auto.go:132	delete ticket failed err:<nil>
2023-06-07T22:18:57.168+0800	INFO	internal/main.go:57	Server started!
2023-06-07T22:18:57.169+0800	INFO	logic/auto.go:63	start movieVisitCountFlush task....
2023-06-07T22:18:57.169+0800	INFO	logic/auto.go:87	start peopleFavorToCache task ...
2023-06-07T22:18:57.169+0800	INFO	logic/auto.go:119	start deleteTimeOutPlans ...
2023-06-07T22:18:57.174+0800	INFO	logic/auto.go:132	delete ticket failed err:<nil>
2023-06-08T01:40:52.592+0800	INFO	internal/main.go:57	Server started!
2023-06-08T01:40:52.592+0800	INFO	logic/auto.go:87	start peopleFavorToCache task ...
2023-06-08T01:40:52.592+0800	INFO	logic/auto.go:119	start deleteTimeOutPlans ...
2023-06-08T01:40:52.593+0800	INFO	logic/auto.go:63	start movieVisitCountFlush task....
2023-06-08T01:40:52.595+0800	INFO	logic/auto.go:132	delete ticket failed err:<nil>
2023-06-08T01:46:30.817+0800	INFO	internal/main.go:57	Server started!
2023-06-08T01:46:30.817+0800	INFO	logic/auto.go:63	start movieVisitCountFlush task....
2023-06-08T01:46:30.818+0800	INFO	logic/auto.go:87	start peopleFavorToCache task ...
2023-06-08T01:46:30.818+0800	INFO	logic/auto.go:119	start deleteTimeOutPlans ...
2023-06-08T01:46:30.822+0800	INFO	logic/auto.go:132	delete ticket failed err:<nil>
2023-06-08T01:46:34.206+0800	INFO	middleware/auth.go:51	Claims
2023-06-08T01:47:05.289+0800	INFO	internal/main.go:57	Server started!
2023-06-08T01:47:05.290+0800	INFO	logic/auto.go:63	start movieVisitCountFlush task....
2023-06-08T01:47:05.290+0800	INFO	logic/auto.go:87	start peopleFavorToCache task ...
2023-06-08T01:47:05.290+0800	INFO	logic/auto.go:119	start deleteTimeOutPlans ...
2023-06-08T01:47:05.295+0800	INFO	logic/auto.go:132	delete ticket failed err:<nil>
2023-06-08T01:47:07.450+0800	INFO	middleware/auth.go:51	Claims
2023-06-08T01:49:47.416+0800	INFO	internal/main.go:57	Server started!
2023-06-08T01:49:47.416+0800	INFO	logic/auto.go:63	start movieVisitCountFlush task....
2023-06-08T01:49:47.417+0800	INFO	logic/auto.go:87	start peopleFavorToCache task ...
2023-06-08T01:49:47.417+0800	INFO	logic/auto.go:119	start deleteTimeOutPlans ...
2023-06-08T01:49:47.422+0800	INFO	logic/auto.go:132	delete ticket failed err:<nil>
2023-06-08T01:49:49.300+0800	INFO	middleware/auth.go:51	Claims
2023-06-08T01:50:34.952+0800	INFO	logic/auto.go:87	start peopleFavorToCache task ...
2023-06-08T01:50:34.952+0800	INFO	logic/auto.go:63	start movieVisitCountFlush task....
2023-06-08T01:50:34.952+0800	INFO	logic/auto.go:119	start deleteTimeOutPlans ...
2023-06-08T01:50:34.955+0800	INFO	logic/auto.go:132	delete ticket failed err:<nil>
2023-06-08T02:03:45.190+0800	INFO	internal/main.go:57	Server started!
2023-06-08T02:03:45.190+0800	INFO	logic/auto.go:63	start movieVisitCountFlush task....
2023-06-08T02:03:45.190+0800	INFO	logic/auto.go:87	start peopleFavorToCache task ...
2023-06-08T02:03:45.191+0800	INFO	logic/auto.go:119	start deleteTimeOutPlans ...
2023-06-08T02:03:45.195+0800	INFO	logic/auto.go:132	delete ticket failed err:<nil>
2023-06-08T02:04:15.032+0800	INFO	middleware/auth.go:51	Claims
2023-06-08T02:04:40.663+0800	INFO	middleware/auth.go:51	Claims
2023-06-08T02:04:49.644+0800	INFO	v1/ticket.go:50	logic.Group.Ticket.LockSeats failed: 错误码:1003,错误信息:系统错误,详细信息:[Error 1054 (42S22): Unknown column 'cinema_id' in 'where clause']
2023-06-08T02:05:01.714+0800	INFO	internal/main.go:57	Server started!
2023-06-08T02:05:01.715+0800	INFO	logic/auto.go:63	start movieVisitCountFlush task....
2023-06-08T02:05:01.715+0800	INFO	logic/auto.go:87	start peopleFavorToCache task ...
2023-06-08T02:05:01.715+0800	INFO	logic/auto.go:119	start deleteTimeOutPlans ...
2023-06-08T02:05:01.721+0800	INFO	logic/auto.go:132	delete ticket failed err:<nil>
2023-06-08T02:15:01.716+0800	INFO	logic/auto.go:87	start peopleFavorToCache task ...
2023-06-08T02:15:01.716+0800	INFO	logic/auto.go:63	start movieVisitCountFlush task....
2023-06-08T02:15:01.716+0800	INFO	logic/auto.go:119	start deleteTimeOutPlans ...
2023-06-08T02:15:01.719+0800	INFO	logic/auto.go:132	delete ticket failed err:<nil>
2023-06-08T02:25:01.720+0800	INFO	logic/auto.go:63	start movieVisitCountFlush task....
2023-06-08T02:25:01.720+0800	INFO	logic/auto.go:87	start peopleFavorToCache task ...
2023-06-08T02:25:01.720+0800	INFO	logic/auto.go:119	start deleteTimeOutPlans ...
2023-06-08T02:25:01.722+0800	INFO	logic/auto.go:132	delete ticket failed err:<nil>
2023-06-08T02:35:01.722+0800	INFO	logic/auto.go:87	start peopleFavorToCache task ...
2023-06-08T02:35:01.722+0800	INFO	logic/auto.go:63	start movieVisitCountFlush task....
2023-06-08T02:35:01.722+0800	INFO	logic/auto.go:119	start deleteTimeOutPlans ...
2023-06-08T02:35:01.725+0800	INFO	logic/auto.go:132	delete ticket failed err:<nil>
2023-06-08T02:45:01.722+0800	INFO	logic/auto.go:87	start peopleFavorToCache task ...
2023-06-08T02:45:01.722+0800	INFO	logic/auto.go:63	start movieVisitCountFlush task....
2023-06-08T02:45:01.722+0800	INFO	logic/auto.go:119	start deleteTimeOutPlans ...
2023-06-08T02:45:01.725+0800	INFO	logic/auto.go:132	delete ticket failed err:<nil>
2023-06-08T02:55:01.717+0800	INFO	logic/auto.go:87	start peopleFavorToCache task ...
2023-06-08T02:55:01.717+0800	INFO	logic/auto.go:63	start movieVisitCountFlush task....
2023-06-08T02:55:01.717+0800	INFO	logic/auto.go:119	start deleteTimeOutPlans ...
2023-06-08T02:55:01.720+0800	INFO	logic/auto.go:132	delete ticket failed err:<nil>
2023-06-08T03:05:01.722+0800	INFO	logic/auto.go:119	start deleteTimeOutPlans ...
2023-06-08T03:05:01.722+0800	INFO	logic/auto.go:87	start peopleFavorToCache task ...
2023-06-08T03:05:01.722+0800	INFO	logic/auto.go:63	start movieVisitCountFlush task....
2023-06-08T03:05:01.724+0800	INFO	logic/auto.go:132	delete ticket failed err:<nil>
2023-06-08T03:15:01.719+0800	INFO	logic/auto.go:87	start peopleFavorToCache task ...
2023-06-08T03:15:01.719+0800	INFO	logic/auto.go:63	start movieVisitCountFlush task....
2023-06-08T03:15:01.719+0800	INFO	logic/auto.go:119	start deleteTimeOutPlans ...
2023-06-08T03:15:01.721+0800	INFO	logic/auto.go:132	delete ticket failed err:<nil>
2023-06-08T03:25:01.723+0800	INFO	logic/auto.go:63	start movieVisitCountFlush task....
2023-06-08T03:25:01.723+0800	INFO	logic/auto.go:119	start deleteTimeOutPlans ...
2023-06-08T03:25:01.723+0800	INFO	logic/auto.go:87	start peopleFavorToCache task ...
2023-06-08T03:25:01.725+0800	INFO	logic/auto.go:132	delete ticket failed err:<nil>
2023-06-08T05:10:44.178+0800	INFO	internal/main.go:57	Server started!
2023-06-08T05:10:44.179+0800	INFO	logic/auto.go:87	start peopleFavorToCache task ...
2023-06-08T05:10:44.179+0800	INFO	logic/auto.go:119	start deleteTimeOutPlans ...
2023-06-08T05:10:44.179+0800	INFO	logic/auto.go:63	start movieVisitCountFlush task....
2023-06-08T05:10:44.183+0800	INFO	logic/auto.go:132	delete ticket failed err:<nil>
2023-06-08T05:11:26.991+0800	INFO	middleware/auth.go:51	Claims
2023-06-08T05:12:04.970+0800	INFO	logic/auto.go:119	start deleteTimeOutPlans ...
2023-06-08T05:12:04.970+0800	INFO	logic/auto.go:63	start movieVisitCountFlush task....
2023-06-08T05:12:04.971+0800	INFO	logic/auto.go:87	start peopleFavorToCache task ...
2023-06-08T05:13:08.127+0800	INFO	internal/main.go:57	Server started!
2023-06-08T05:13:08.128+0800	INFO	logic/auto.go:63	start movieVisitCountFlush task....
2023-06-08T05:13:08.128+0800	INFO	logic/auto.go:119	start deleteTimeOutPlans ...
2023-06-08T05:13:08.128+0800	INFO	logic/auto.go:87	start peopleFavorToCache task ...
2023-06-08T05:13:08.131+0800	INFO	logic/auto.go:132	delete ticket failed err:<nil>
2023-06-08T05:13:10.739+0800	INFO	middleware/auth.go:51	Claims
2023-06-08T05:14:35.149+0800	INFO	middleware/auth.go:51	Claims
2023-06-08T05:23:08.133+0800	INFO	logic/auto.go:87	start peopleFavorToCache task ...
2023-06-08T05:23:08.133+0800	INFO	logic/auto.go:119	start deleteTimeOutPlans ...
2023-06-08T05:23:08.133+0800	INFO	logic/auto.go:63	start movieVisitCountFlush task....
2023-06-08T05:23:08.136+0800	INFO	logic/auto.go:132	delete ticket failed err:<nil>
2023-06-08T05:33:08.136+0800	INFO	logic/auto.go:119	start deleteTimeOutPlans ...
2023-06-08T05:33:08.136+0800	INFO	logic/auto.go:87	start peopleFavorToCache task ...
2023-06-08T05:33:08.136+0800	INFO	logic/auto.go:63	start movieVisitCountFlush task....
2023-06-08T05:33:08.139+0800	INFO	logic/auto.go:132	delete ticket failed err:<nil>
2023-06-08T05:43:08.129+0800	INFO	logic/auto.go:63	start movieVisitCountFlush task....
2023-06-08T05:43:08.129+0800	INFO	logic/auto.go:119	start deleteTimeOutPlans ...
2023-06-08T05:43:08.129+0800	INFO	logic/auto.go:87	start peopleFavorToCache task ...
2023-06-08T05:43:08.132+0800	INFO	logic/auto.go:132	delete ticket failed err:<nil>
2023-06-08T05:53:08.132+0800	INFO	logic/auto.go:119	start deleteTimeOutPlans ...
2023-06-08T05:53:08.132+0800	INFO	logic/auto.go:87	start peopleFavorToCache task ...
2023-06-08T05:53:08.132+0800	INFO	logic/auto.go:63	start movieVisitCountFlush task....
2023-06-08T05:53:08.135+0800	INFO	logic/auto.go:132	delete ticket failed err:<nil>
2023-06-08T06:03:08.129+0800	INFO	logic/auto.go:87	start peopleFavorToCache task ...
2023-06-08T06:03:08.129+0800	INFO	logic/auto.go:63	start movieVisitCountFlush task....
2023-06-08T06:03:08.129+0800	INFO	logic/auto.go:119	start deleteTimeOutPlans ...
2023-06-08T06:03:08.134+0800	INFO	logic/auto.go:132	delete ticket failed err:<nil>
2023-06-08T06:13:08.128+0800	INFO	logic/auto.go:87	start peopleFavorToCache task ...
2023-06-08T06:13:08.128+0800	INFO	logic/auto.go:63	start movieVisitCountFlush task....
2023-06-08T06:13:08.128+0800	INFO	logic/auto.go:119	start deleteTimeOutPlans ...
2023-06-08T06:13:08.130+0800	INFO	logic/auto.go:132	delete ticket failed err:<nil>
2023-06-08T14:47:31.995+0800	INFO	internal/main.go:57	Server started!
2023-06-08T14:47:31.995+0800	INFO	logic/auto.go:63	start movieVisitCountFlush task....
2023-06-08T14:47:31.996+0800	INFO	logic/auto.go:87	start peopleFavorToCache task ...
2023-06-08T14:47:31.996+0800	INFO	logic/auto.go:119	start deleteTimeOutPlans ...
2023-06-08T14:47:32.000+0800	INFO	logic/auto.go:132	delete ticket failed err:<nil>
2023-06-08T14:47:32.312+0800	INFO	middleware/auth.go:51	Claims
2023-06-08T16:35:23.661+0800	INFO	internal/main.go:57	Server started!
2023-06-08T16:35:23.661+0800	INFO	logic/auto.go:119	start deleteTimeOutPlans ...
2023-06-08T16:35:23.662+0800	INFO	logic/auto.go:63	start movieVisitCountFlush task....
2023-06-08T16:35:23.662+0800	INFO	logic/auto.go:87	start peopleFavorToCache task ...
2023-06-08T16:35:23.665+0800	INFO	logic/auto.go:132	delete ticket failed err:<nil>
2023-06-08T16:35:25.525+0800	INFO	middleware/auth.go:51	Claims
2023-06-08T16:35:32.992+0800	INFO	middleware/auth.go:51	Claims
2023-06-08T16:39:24.918+0800	INFO	internal/main.go:57	Server started!
2023-06-08T16:39:24.919+0800	INFO	logic/auto.go:87	start peopleFavorToCache task ...
2023-06-08T16:39:24.919+0800	INFO	logic/auto.go:119	start deleteTimeOutPlans ...
2023-06-08T16:39:24.920+0800	INFO	logic/auto.go:63	start movieVisitCountFlush task....
2023-06-08T16:39:24.923+0800	INFO	logic/auto.go:132	delete ticket failed err:<nil>
2023-06-08T16:40:01.150+0800	INFO	middleware/auth.go:51	Claims
