2023-05-29T21:48:40.945+0800	INFO	cmd/main.go:46	Server started!
2023-05-29T21:49:25.401+0800	INFO	cmd/main.go:66	ShutDown Server...
2023-05-29T21:49:25.401+0800	INFO	cmd/main.go:51	http: Server closed
2023-05-29T21:49:25.401+0800	INFO	cmd/main.go:56	Server exited!
2023-05-29T21:49:28.666+0800	INFO	cmd/main.go:46	Server started!
2023-05-29T21:50:27.041+0800	INFO	v1/user.go:28	should bind failed err:Key: 'RegisterParam.EmailCode' Error:Field validation for 'EmailCode' failed on the 'required' tag
2023-05-29T21:51:04.245+0800	INFO	v1/user.go:28	should bind failed err:Key: 'RegisterParam.EmailCode' Error:Field validation for 'EmailCode' failed on the 'required' tag
2023-05-29T21:52:12.687+0800	INFO	cmd/main.go:66	ShutDown Server...
2023-05-29T21:52:12.687+0800	INFO	cmd/main.go:51	http: Server closed
2023-05-29T21:52:12.687+0800	INFO	cmd/main.go:56	Server exited!
2023-05-29T21:53:39.922+0800	INFO	cmd/main.go:46	Server started!
2023-05-29T21:53:39.923+0800	INFO	cmd/main.go:51	listen tcp :9090: bind: Only one usage of each socket address (protocol/network address/port) is normally permitted.
2023-05-29T21:53:50.710+0800	INFO	cmd/main.go:66	ShutDown Server...
2023-05-29T21:53:50.710+0800	INFO	cmd/main.go:56	Server exited!
2023-05-29T21:53:53.672+0800	INFO	cmd/main.go:46	Server started!
2023-05-29T21:54:10.918+0800	INFO	cmd/main.go:66	ShutDown Server...
2023-05-29T21:54:10.918+0800	INFO	cmd/main.go:51	http: Server closed
2023-05-29T21:54:10.918+0800	INFO	cmd/main.go:56	Server exited!
2023-05-29T22:05:49.460+0800	INFO	cmd/main.go:46	Server started!
2023-05-29T22:08:21.332+0800	INFO	setting/maker.go:25	token.NewPasetoMaker failed: 密钥长度不正确
2023-05-29T22:08:21.333+0800	INFO	cmd/main.go:46	Server started!
2023-05-29T22:14:00.821+0800	INFO	setting/maker.go:25	token.NewPasetoMaker failed: 密钥长度不正确
2023-05-29T22:14:00.823+0800	INFO	cmd/main.go:46	Server started!
2023-05-29T22:15:35.508+0800	INFO	cmd/main.go:46	Server started!
2023-05-30T08:18:26.956+0800	INFO	cmd/main.go:66	ShutDown Server...
2023-05-30T08:18:26.957+0800	INFO	cmd/main.go:51	http: Server closed
2023-05-30T08:18:26.957+0800	INFO	cmd/main.go:56	Server exited!
2023-05-30T08:23:38.134+0800	INFO	cmd/main.go:46	Server started!
2023-05-30T08:59:39.343+0800	INFO	cmd/main.go:66	ShutDown Server...
2023-05-30T08:59:39.344+0800	INFO	cmd/main.go:51	http: Server closed
2023-05-30T08:59:39.344+0800	INFO	cmd/main.go:56	Server exited!
2023-05-30T09:01:57.258+0800	INFO	cmd/main.go:46	Server started!
2023-05-30T10:40:27.057+0800	INFO	cmd/main.go:66	ShutDown Server...
2023-05-30T10:40:27.060+0800	INFO	cmd/main.go:51	http: Server closed
2023-05-30T10:40:27.060+0800	INFO	cmd/main.go:56	Server exited!
2023-05-30T10:40:38.033+0800	INFO	cmd/main.go:46	Server started!
2023-05-30T10:44:01.100+0800	INFO	v1/user.go:97	RefreshToken generated error
2023-05-30T10:45:13.732+0800	INFO	cmd/main.go:66	ShutDown Server...
2023-05-30T10:45:13.732+0800	INFO	cmd/main.go:51	http: Server closed
2023-05-30T10:45:13.733+0800	INFO	cmd/main.go:56	Server exited!
2023-05-30T10:51:17.152+0800	INFO	cmd/main.go:46	Server started!
2023-05-30T10:51:19.687+0800	INFO	middleware/auth.go:48	Claims
2023-05-30T10:55:56.004+0800	INFO	middleware/auth.go:48	Claims
2023-05-30T10:56:29.798+0800	INFO	cmd/main.go:66	ShutDown Server...
2023-05-30T10:56:29.798+0800	INFO	cmd/main.go:56	Server exited!
2023-05-30T10:56:29.798+0800	INFO	cmd/main.go:51	http: Server closed
2023-05-30T10:56:33.349+0800	INFO	cmd/main.go:46	Server started!
2023-05-30T10:56:37.904+0800	INFO	middleware/auth.go:48	Claims
2023-05-30T10:57:16.342+0800	INFO	middleware/auth.go:48	Claims
2023-05-30T10:57:17.495+0800	INFO	middleware/auth.go:48	Claims
2023-05-30T10:57:18.559+0800	INFO	middleware/auth.go:48	Claims
2023-05-30T11:03:15.520+0800	INFO	cmd/main.go:66	ShutDown Server...
2023-05-30T11:03:15.520+0800	INFO	cmd/main.go:51	http: Server closed
2023-05-30T11:03:15.520+0800	INFO	cmd/main.go:56	Server exited!
2023-05-30T11:03:19.246+0800	INFO	cmd/main.go:46	Server started!
2023-05-30T11:06:58.834+0800	INFO	cmd/main.go:66	ShutDown Server...
2023-05-30T11:06:58.834+0800	INFO	cmd/main.go:51	http: Server closed
2023-05-30T11:06:58.834+0800	INFO	cmd/main.go:56	Server exited!
2023-05-30T11:07:02.185+0800	INFO	cmd/main.go:46	Server started!
2023-05-30T11:07:04.470+0800	INFO	v1/user.go:147	logic.Group.User.FindUserInfo failed,err:错误码:20001,错误信息:用户已经存在了,详细信息:[]
2023-05-30T11:10:10.586+0800	INFO	v1/user.go:96	RefreshToken generated error
2023-05-30T11:12:41.399+0800	INFO	cmd/main.go:66	ShutDown Server...
2023-05-30T11:12:41.400+0800	INFO	cmd/main.go:56	Server exited!
2023-05-30T11:12:41.400+0800	INFO	cmd/main.go:51	http: Server closed
2023-05-30T11:15:40.458+0800	INFO	cmd/main.go:46	Server started!
2023-05-30T11:15:43.013+0800	INFO	v1/user.go:96	RefreshToken generated error
2023-05-30T11:15:49.020+0800	INFO	cmd/main.go:66	ShutDown Server...
2023-05-30T11:15:49.020+0800	INFO	cmd/main.go:51	http: Server closed
2023-05-30T11:15:49.020+0800	INFO	cmd/main.go:56	Server exited!
2023-05-30T11:21:49.803+0800	INFO	cmd/main.go:46	Server started!
2023-05-30T11:21:49.804+0800	INFO	cmd/main.go:51	listen tcp :9090: bind: Only one usage of each socket address (protocol/network address/port) is normally permitted.
2023-05-30T11:22:04.201+0800	INFO	cmd/main.go:66	ShutDown Server...
2023-05-30T11:22:04.201+0800	INFO	cmd/main.go:56	Server exited!
2023-05-30T11:22:06.911+0800	INFO	cmd/main.go:46	Server started!
2023-05-30T11:22:24.946+0800	INFO	v1/user.go:96	RefreshToken generated error
2023-05-30T11:22:53.088+0800	INFO	cmd/main.go:66	ShutDown Server...
2023-05-30T11:22:53.088+0800	INFO	cmd/main.go:51	http: Server closed
2023-05-30T11:22:53.088+0800	INFO	cmd/main.go:56	Server exited!
2023-05-30T11:31:47.152+0800	INFO	cmd/main.go:46	Server started!
2023-05-30T11:31:58.394+0800	INFO	cmd/main.go:66	ShutDown Server...
2023-05-30T11:31:58.394+0800	INFO	cmd/main.go:51	http: Server closed
2023-05-30T11:31:58.394+0800	INFO	cmd/main.go:56	Server exited!
2023-05-30T11:32:01.264+0800	INFO	cmd/main.go:46	Server started!
2023-05-30T11:32:04.840+0800	INFO	middleware/auth.go:51	Claims
2023-05-30T11:32:04.840+0800	INFO	middleware/auth.go:64	GetContext failed 
2023-05-30T11:32:08.987+0800	INFO	middleware/auth.go:51	Claims
2023-05-30T11:32:08.987+0800	INFO	middleware/auth.go:64	GetContext failed 
2023-05-30T11:32:28.851+0800	INFO	middleware/auth.go:51	Claims
2023-05-30T11:32:28.851+0800	INFO	middleware/auth.go:64	GetContext failed 
2023-05-30T11:33:07.755+0800	INFO	cmd/main.go:66	ShutDown Server...
2023-05-30T11:33:07.755+0800	INFO	cmd/main.go:51	http: Server closed
2023-05-30T11:33:07.755+0800	INFO	cmd/main.go:56	Server exited!
2023-05-30T11:35:33.808+0800	INFO	cmd/main.go:46	Server started!
2023-05-30T11:36:30.690+0800	INFO	middleware/auth.go:51	Claims
2023-05-30T13:18:46.567+0800	INFO	cmd/main.go:66	ShutDown Server...
2023-05-30T13:18:46.571+0800	INFO	cmd/main.go:51	http: Server closed
2023-05-30T13:18:46.571+0800	INFO	cmd/main.go:56	Server exited!
2023-05-30T13:18:52.998+0800	INFO	cmd/main.go:46	Server started!
2023-05-30T13:18:54.139+0800	INFO	cmd/main.go:66	ShutDown Server...
2023-05-30T13:18:54.139+0800	INFO	cmd/main.go:51	http: Server closed
2023-05-30T13:18:54.139+0800	INFO	cmd/main.go:56	Server exited!
2023-05-30T13:20:11.365+0800	INFO	cmd/main.go:46	Server started!
2023-05-30T13:23:01.789+0800	INFO	cmd/main.go:66	ShutDown Server...
2023-05-30T13:23:01.789+0800	INFO	cmd/main.go:51	http: Server closed
2023-05-30T13:23:01.789+0800	INFO	cmd/main.go:56	Server exited!
2023-05-30T13:23:05.305+0800	INFO	cmd/main.go:46	Server started!
2023-05-30T13:27:06.255+0800	INFO	cmd/main.go:66	ShutDown Server...
2023-05-30T13:27:06.255+0800	INFO	cmd/main.go:51	http: Server closed
2023-05-30T13:27:06.255+0800	INFO	cmd/main.go:56	Server exited!
2023-05-30T13:27:10.982+0800	INFO	cmd/main.go:46	Server started!
2023-05-30T13:33:11.701+0800	INFO	cmd/main.go:66	ShutDown Server...
2023-05-30T13:33:11.701+0800	INFO	cmd/main.go:51	http: Server closed
2023-05-30T13:33:11.701+0800	INFO	cmd/main.go:56	Server exited!
2023-05-30T13:33:27.657+0800	INFO	cmd/main.go:46	Server started!
2023-05-30T13:33:32.955+0800	INFO	middleware/auth.go:51	Claims
2023-05-30T13:33:55.626+0800	INFO	middleware/auth.go:51	Claims
2023-05-30T13:34:28.012+0800	INFO	middleware/auth.go:51	Claims
2023-05-30T13:34:47.577+0800	INFO	middleware/auth.go:51	Claims
2023-05-30T13:35:20.215+0800	INFO	middleware/auth.go:51	Claims
2023-05-30T13:41:41.715+0800	INFO	cmd/main.go:66	ShutDown Server...
2023-05-30T13:41:41.716+0800	INFO	cmd/main.go:51	http: Server closed
2023-05-30T13:41:41.716+0800	INFO	cmd/main.go:56	Server exited!
2023-05-30T19:08:19.848+0800	INFO	cmd/main.go:46	Server started!
2023-05-30T19:08:26.631+0800	INFO	cmd/main.go:66	ShutDown Server...
2023-05-30T19:08:26.631+0800	INFO	cmd/main.go:51	http: Server closed
2023-05-30T19:08:26.631+0800	INFO	cmd/main.go:56	Server exited!
2023-05-30T19:10:22.575+0800	INFO	cmd/main.go:46	Server started!
2023-05-30T19:14:51.010+0800	INFO	cmd/main.go:66	ShutDown Server...
2023-05-30T19:14:51.010+0800	INFO	cmd/main.go:51	http: Server closed
2023-05-30T19:14:51.010+0800	INFO	cmd/main.go:56	Server exited!
2023-05-30T19:14:59.314+0800	INFO	cmd/main.go:46	Server started!
2023-05-30T19:19:03.992+0800	INFO	cmd/main.go:66	ShutDown Server...
2023-05-30T19:19:03.992+0800	INFO	cmd/main.go:51	http: Server closed
2023-05-30T19:19:03.992+0800	INFO	cmd/main.go:56	Server exited!
2023-05-30T19:19:12.196+0800	INFO	cmd/main.go:46	Server started!
2023-05-30T19:22:43.647+0800	INFO	middleware/auth.go:51	Claims
2023-05-30T19:30:22.741+0800	INFO	cmd/main.go:66	ShutDown Server...
2023-05-30T19:30:22.741+0800	INFO	cmd/main.go:51	http: Server closed
2023-05-30T19:30:22.741+0800	INFO	cmd/main.go:56	Server exited!
2023-05-30T19:30:38.835+0800	INFO	cmd/main.go:46	Server started!
2023-05-30T19:30:40.671+0800	INFO	middleware/auth.go:51	Claims
2023-05-30T19:32:18.902+0800	INFO	middleware/auth.go:51	Claims
2023-05-30T19:34:55.930+0800	INFO	middleware/auth.go:51	Claims
2023-05-30T19:35:16.768+0800	INFO	middleware/auth.go:51	Claims
2023-05-30T19:35:21.587+0800	INFO	v1/email.go:33	logic.Group.Email.SendEmail 
2023-05-30T19:35:44.821+0800	INFO	v1/email.go:33	logic.Group.Email.SendEmail 
2023-05-30T19:35:56.250+0800	INFO	v1/email.go:33	logic.Group.Email.SendEmail 
2023-05-30T19:35:58.190+0800	INFO	v1/email.go:33	logic.Group.Email.SendEmail 
2023-05-30T19:36:05.404+0800	INFO	middleware/auth.go:51	Claims
2023-05-30T19:36:26.981+0800	INFO	v1/email.go:33	logic.Group.Email.SendEmail 
2023-05-30T19:36:44.543+0800	INFO	v1/email.go:33	logic.Group.Email.SendEmail 
2023-05-30T19:36:45.880+0800	INFO	v1/email.go:33	logic.Group.Email.SendEmail 
2023-05-30T19:36:46.885+0800	INFO	v1/email.go:33	logic.Group.Email.SendEmail 
2023-05-30T19:36:47.671+0800	INFO	v1/email.go:33	logic.Group.Email.SendEmail 
2023-05-30T19:36:52.462+0800	INFO	cmd/main.go:66	ShutDown Server...
2023-05-30T19:36:52.463+0800	INFO	cmd/main.go:51	http: Server closed
2023-05-30T19:36:52.463+0800	INFO	cmd/main.go:56	Server exited!
2023-05-30T19:36:58.203+0800	INFO	cmd/main.go:46	Server started!
2023-05-30T19:37:13.435+0800	INFO	middleware/auth.go:51	Claims
2023-05-30T19:42:37.352+0800	INFO	middleware/auth.go:51	Claims
2023-05-30T19:42:46.484+0800	INFO	cmd/main.go:66	ShutDown Server...
2023-05-30T19:42:46.484+0800	INFO	cmd/main.go:51	http: Server closed
2023-05-30T19:42:46.484+0800	INFO	cmd/main.go:56	Server exited!
2023-05-30T19:42:49.236+0800	INFO	cmd/main.go:46	Server started!
2023-05-30T19:43:04.767+0800	INFO	middleware/auth.go:51	Claims
2023-05-30T19:45:12.124+0800	INFO	cmd/main.go:66	ShutDown Server...
2023-05-30T19:45:12.124+0800	INFO	cmd/main.go:51	http: Server closed
2023-05-30T19:45:12.124+0800	INFO	cmd/main.go:56	Server exited!
2023-05-30T19:45:19.188+0800	INFO	cmd/main.go:46	Server started!
2023-05-30T19:45:56.233+0800	INFO	middleware/auth.go:51	Claims
2023-05-30T19:46:28.811+0800	INFO	cmd/main.go:66	ShutDown Server...
2023-05-30T19:46:28.811+0800	INFO	cmd/main.go:51	http: Server closed
2023-05-30T19:46:28.811+0800	INFO	cmd/main.go:56	Server exited!
2023-05-30T19:48:11.876+0800	INFO	cmd/main.go:46	Server started!
2023-05-30T19:48:15.446+0800	INFO	cmd/main.go:66	ShutDown Server...
2023-05-30T19:48:15.446+0800	INFO	cmd/main.go:51	http: Server closed
2023-05-30T19:48:15.446+0800	INFO	cmd/main.go:56	Server exited!
2023-05-30T19:48:18.219+0800	INFO	cmd/main.go:46	Server started!
2023-05-30T19:48:20.302+0800	INFO	middleware/auth.go:51	Claims
2023-05-30T19:48:36.848+0800	INFO	middleware/auth.go:51	Claims
2023-05-30T19:48:43.348+0800	INFO	middleware/auth.go:51	Claims
2023-05-30T19:48:44.426+0800	INFO	middleware/auth.go:51	Claims
2023-05-30T19:49:20.127+0800	INFO	v1/email.go:33	logic.Group.Email.SendEmail 
2023-05-30T19:57:12.155+0800	INFO	middleware/auth.go:51	Claims
2023-05-30T19:57:31.665+0800	INFO	middleware/auth.go:51	Claims
2023-05-30T19:58:24.593+0800	INFO	cmd/main.go:66	ShutDown Server...
2023-05-30T19:58:24.593+0800	INFO	cmd/main.go:51	http: Server closed
2023-05-30T19:58:24.593+0800	INFO	cmd/main.go:56	Server exited!
2023-05-30T20:01:51.447+0800	INFO	cmd/main.go:46	Server started!
2023-05-30T20:02:07.426+0800	INFO	middleware/auth.go:51	Claims
2023-05-30T20:02:53.640+0800	INFO	v1/email.go:33	logic.Group.Email.SendEmail 
2023-05-30T20:02:55.892+0800	INFO	cmd/main.go:66	ShutDown Server...
2023-05-30T20:02:55.892+0800	INFO	cmd/main.go:51	http: Server closed
2023-05-30T20:02:55.892+0800	INFO	cmd/main.go:56	Server exited!
2023-05-30T20:02:58.936+0800	INFO	cmd/main.go:46	Server started!
2023-05-30T20:03:15.809+0800	INFO	middleware/auth.go:51	Claims
2023-05-30T20:06:59.359+0800	INFO	middleware/auth.go:51	Claims
2023-05-30T20:07:53.862+0800	INFO	cmd/main.go:66	ShutDown Server...
2023-05-30T20:07:53.862+0800	INFO	cmd/main.go:51	http: Server closed
2023-05-30T20:07:53.862+0800	INFO	cmd/main.go:56	Server exited!
2023-05-30T20:08:01.042+0800	INFO	cmd/main.go:46	Server started!
2023-05-30T20:08:04.598+0800	INFO	middleware/auth.go:51	Claims
2023-05-30T20:08:16.545+0800	INFO	middleware/auth.go:51	Claims
2023-05-30T20:10:54.485+0800	INFO	middleware/auth.go:51	Claims
2023-05-30T20:12:19.349+0800	INFO	cmd/main.go:66	ShutDown Server...
2023-05-30T20:12:19.349+0800	INFO	cmd/main.go:51	http: Server closed
2023-05-30T20:12:19.349+0800	INFO	cmd/main.go:56	Server exited!
